
aon_ram_addr=0xffffef8000
arch=riscv
audio_ram_addr=0xffc0000000
baudrate=115200
board=light-c910
board_name=light-c910
boot_partition=bootA
bootargs=console=ttyS0,115200 rdinit=/sbin/init rootwait rw earlycon clk_ignore_unused loglevel=7 eth=02:e2:a7:81:ad:3e rootrw=PARTLABEL=data init=/init rootinit=/sbin/init rootrwoptions=rw,noatime rootrwreset=yes crashkernel=500M
"initrd=0x32000000,0xa00000 root=/dev/ram0 console=ttySAC0 mem=64M init=/linuxrc"


bootcmd=run bootcmd_load; bootslave; run finduuid; run set_bootargs; booti $kernel_addr - $dtb_addr;

bootcmd_load=run findpart;run load_aon;run load_c906_audio; ext4load mmc ${mmcdev}:${mmcbootpart} $opensbi_addr fw_dynamic.bin; ext4load mmc ${mmcdev}:${mmcbootpart} $dtb_addr ${fdt_file}; ext4load mmc ${mmcdev}:${mmcbootpart} $kernel_addr Image

findpart=rollback; if test ${boot_partition} = bootB; then mmcbootpart=4; else mmcbootpart=2; fi; if test ${root_partition} = rootfsB; then mmcpart=5; else mmcpart=3; fi;

load_aon=ext4load mmc ${mmcdev}:${mmcbootpart} $fwaddr light_aon_fpga.bin;cp.b $fwaddr $aon_ram_addr $filesize

load_c906_audio=ext4load mmc ${mmcdev}:${mmcbootpart} $fwaddr light_c906_audio.bin;cp.b $fwaddr $audio_ram_addr $filesize


bootdelay=2
cpu=c9xx
dtb_addr=0x01f00000
eth1addr=02:e2:a7:81:ad:3f
ethact=ethernet@ffe7070000
ethaddr=02:e2:a7:81:ad:3e
factory_reset=yes
fdt_file=light-lpi4a.dtb
fdt_high=0xffffffffffffffff
fdtcontroladdr=ffba7930
fileaddr=0
filesize=14f60

finduuid=part uuid mmc ${mmcdev}:${mmcpart} uuid
fwaddr=0x10000000
gpt_partition=gpt write mmc ${mmcdev} $partitions
ipaddr=192.168.0.8
kdump_buf=500M
kernel_addr=0x00200000
mmcdev=0
opensbi_addr=0x0
partitions=name=table,size=2031KB;name=boot,size=200MiB,type=boot;name=root,size=4000MiB,type=linux,uuid=${uuid_rootfsA};name=bootB,size=200MiB,type=boot;name=rootB,size=4000MiB,type=linux,uuid=${uuid_rootfsB};name=data,size=-,type=linux
root_partition=rootfsA
serverip=192.168.10.125
set_bootargs=setenv bootargs console=ttyS0,115200 root=PARTUUID=${uuid} rootfstype=ext4 rdinit=/sbin/init rootwait rw earlycon clk_ignore_unused loglevel=7 eth=$ethaddr rootrw=PARTLABEL=data init=/init rootinit=/sbin/init rootrwoptions=rw,noatime rootrwreset=${factory_reset} crashkernel=${kdump_buf}
splashimage=0x30000000
splashpos=m,m
uuid=80a5a8e9-c744-491a-93c1-4f4194fd690a
uuid_rootfsA=80a5a8e9-c744-491a-93c1-4f4194fd690a
uuid_rootfsB=80a5a8e9-c744-491a-93c1-4f4194fd690b
vendor=thead