?         - alias for 'help'
adc_sampling- Light ADC sampling, example: adc_sampling 0x0 100 0x10004 0x10 0x160 0x0 0x1000 1
ate_spi   - ate_spi test command
base      - print or set address offset
bdinfo    - print Board Info structure
bitflip   - Bit Flip test
bitspread - Bit Spread test
blkcache  - block cache diagnostics and control
blockseq  - Block Sequential test
bmp       - manipulate BMP image data
boot      - boot default, i.e., run 'bootcmd'
bootd     - boot default, i.e., run 'bootcmd'
bootelf   - Boot from an ELF image in memory
booti     - boot Linux kernel 'Image' format from memory
bootm     - boot application image from memory
bootp     - boot image via network using BOOTP/TFTP protocol
bootslave - Boot application from memory on the SLAVE CPU
bootvx    - Boot vxWorks from an ELF image
checkerboard- Checker Board test
chk_ethaddr- check ethaddrs in environment variables is valid
cmp       - memory compare
compare_and- Compare AND test
compare_div- Compare DIV test
compare_mul- Compare MUL test
compare_or- Compare OR test
compare_sub- Compare SUB test
compare_xor- Compare XOR test
coninfo   - print console devices and information
cp        - memory copy
cpu       - display information about CPUs
crc32     - checksum calculation
ddr_phy0_reg_rd- read ddr phy0 reg
ddr_phy0_reg_wr- write ddr phy0 reg
ddr_phy1_reg_rd- read ddr phy1 reg
ddr_phy1_reg_wr- write ddr phy1 reg
ddr_sysreg_rd- read ddr sys reg
ddr_sysreg_wr- write ddr sys reg
dhcp      - boot image via network using DHCP/TFTP protocol
dm        - Driver model low level access
echo      - echo args to console
editenv   - edit environment variable
efuse     - eFuse sub-system
env       - environment handling commands
erase     - erase FLASH memory
eraseenv  - erase environment variables from persistent storage
exit      - exit script
ext2load  - load binary file from a Ext2 filesystem
ext2ls    - list files in a directory (default /)
ext4load  - load binary file from a Ext4 filesystem
ext4ls    - list files in a directory (default /)
ext4size  - determine a file's size
ext4write - create a file in the root directory
false     - do nothing, unsuccessfully
fastboot  - run as a fastboot usb or udp device
fatinfo   - print information about filesystem
fatload   - load binary file from a dos filesystem
fatls     - list files in a directory (default /)
fatsize   - determine a file's size
fdt       - flattened device tree utility commands
flinfo    - print FLASH memory information
fstype    - Look up a filesystem type
getmr     - get ddr MR register
go        - start application at address 'addr'
gpt       - GUID Partition Table
gzwrite   - unzip and write memory to block device
help      - print command description/usage
i2c       - I2C sub-system
iminfo    - print header information for application image
imxtract  - extract a part of a multi-image
io_test   - Light IO test, example: iotest 0x0
itest     - return true/false on integer compare
l2cache_ciall- clear & invlid l2 cache
lcdputs   - print string on video framebuffer
ln        - Create a symbolic link
load      - load binary file from a filesystem
loadb     - load binary file over serial line (kermit mode)
loads     - load S-Record file over serial line
loadx     - load binary file over serial line (xmodem mode)
loady     - load binary file over serial line (ymodem mode)
loop      - infinite loop on address range
ls        - list files in a directory (default /)
lzmadec   - lzma uncompress a memory region
md        - memory display
mdio      - MDIO utility commands
meminfo   - display memory information
mii       - MII utility commands
mm        - memory modify (auto-incrementing address)
mmc       - MMC sub system
mmcinfo   - display MMC info
mtd       - MTD utils
mtest     - simple RAM read/write test
mtest_alt - mtest alternative read/write test
mw        - memory write (fill)
nfs       - boot image via network using NFS protocol
nm        - memory modify (constant address)
part      - disk partition related commands
ping      - send ICMP ECHO_REQUEST to network host
printenv  - print environment variables
protect   - enable or disable FLASH write protection
pxe       - commands to get and boot from pxe files
random    - fill memory with random pattern
random_value- Random Value test
reset     - Perform RESET of the CPU
rollback  - Automatic rollback if upgrade fails
run       - run commands in an environment variable
save      - save file to a filesystem
saveenv   - save environment variables to persistent storage
seqinc    - Sequential Increment test
setcurs   - set cursor position within screen
setenv    - set environment variables
setexpr   - set environment variable as the result of eval expression
setmr     - set ddr MR register
setron    - set ddr ron register
sf        - SPI flash sub-system
showvar   - print local hushshell variables
size      - determine a file's size
sleep     - delay execution for some time
solidbits - Solid bits test
source    - run script from memory
spi_tst_cfg- config spi speed and mode
spi_tst_xfer- do spi xfer op
sspi      - SPI utility command
stress_test- SolidBits, BitSpread, BitFlip, WalkBits Zero, WalkBits One, CheckerBoard, mtest_alt, mtest
stuck_address- Stuck Address test
sysboot   - command to get and boot from syslinux files
test      - minimal test like /bin/sh
tftpboot  - boot image via network using TFTP protocol
true      - do nothing, successfully
ums       - Use the UMS [USB Mass Storage]
unzip     - unzip a memory region
version   - print monitor, compiler and linker version
walkbits0 - Walking Zeroes test
walkbits1 - Walking Ones test